2024-04-17 13:58:15,276 - MainThread - sqlmesh.core.config.connection - INFO - Creating new DuckDB adapter for data files: {'db.db'} (connection.py:255)
2024-04-17 13:58:15,355 - MainThread - sqlmesh.core.config.connection - INFO - Creating new DuckDB adapter for in-memory database (connection.py:257)
2024-04-17 13:58:15,355 - MainThread - sqlmesh.core.config.connection - INFO - Using existing DuckDB adapter due to overlapping data file: db.db (connection.py:250)
2024-04-17 13:58:15,399 - MainThread - sqlmesh.core.state_sync.engine_adapter - INFO - Applying migration <module 'sqlmesh.migrations.v0046_add_batch_concurrency' from '/Users/afzaljasani/tobiko_data/sqlmesh/.venv/lib/python3.10/site-packages/sqlmesh/migrations/v0046_add_batch_concurrency.py'> (engine_adapter.py:916)
2024-04-17 13:58:15,399 - MainThread - sqlmesh.core.state_sync.engine_adapter - INFO - Applying migration <module 'sqlmesh.migrations.v0047_change_scd_string_to_column' from '/Users/afzaljasani/tobiko_data/sqlmesh/.venv/lib/python3.10/site-packages/sqlmesh/migrations/v0047_change_scd_string_to_column.py'> (engine_adapter.py:916)
2024-04-17 13:58:15,399 - MainThread - sqlmesh.core.state_sync.engine_adapter - INFO - Applying migration <module 'sqlmesh.migrations.v0048_drop_indirect_versions' from '/Users/afzaljasani/tobiko_data/sqlmesh/.venv/lib/python3.10/site-packages/sqlmesh/migrations/v0048_drop_indirect_versions.py'> (engine_adapter.py:916)
2024-04-17 13:58:15,412 - MainThread - sqlmesh.core.state_sync.engine_adapter - INFO - Fetching environments (engine_adapter.py:975)
2024-04-17 13:58:15,415 - MainThread - sqlmesh.core.state_sync.engine_adapter - INFO - Migrating snapshot rows... (engine_adapter.py:993)
2024-04-17 13:58:15,501 - MainThread - sqlmesh.core.state_sync.engine_adapter - INFO - Pushing 11 migrated snapshots (engine_adapter.py:1035)
2024-04-17 13:58:15,514 - MainThread - sqlmesh.core.state_sync.engine_adapter - INFO - Migrating seed rows... (engine_adapter.py:1146)
2024-04-17 13:58:15,516 - MainThread - sqlmesh.core.state_sync.engine_adapter - INFO - Migrating environment rows... (engine_adapter.py:1186)
2024-04-17 13:58:15,587 - MainThread - sqlmesh.core.state_sync.common - INFO - Pausing snapshot SnapshotId<"db"."sqlmesh_example"."sfdc_opp_model": 143523740> (common.py:246)
2024-04-17 13:58:15,592 - MainThread - sqlmesh.core.state_sync.common - INFO - Pausing snapshot SnapshotId<"db"."sqlmesh_example"."new_full_model": 1558404681> (common.py:246)
2024-04-17 13:58:15,593 - MainThread - sqlmesh.core.state_sync.common - INFO - Pausing snapshot SnapshotId<"db"."sqlmesh_example"."seed_model": 2682453022> (common.py:246)
2024-04-17 13:58:15,594 - MainThread - sqlmesh.core.state_sync.common - INFO - Pausing snapshot SnapshotId<"db"."docs_example"."basic": 1473852481> (common.py:246)
2024-04-17 13:58:15,596 - MainThread - sqlmesh.core.state_sync.common - INFO - Pausing snapshot SnapshotId<"db"."sqlmesh_example"."full_model": 2690613322> (common.py:246)
2024-04-17 13:58:15,597 - MainThread - sqlmesh.core.state_sync.common - INFO - Pausing snapshot SnapshotId<"db"."sqlmesh_example"."incremental_model": 1929565897> (common.py:246)
2024-04-17 13:58:15,598 - MainThread - sqlmesh.core.state_sync.common - INFO - Pausing snapshot SnapshotId<"db"."sqlmesh_example"."embedded_test": 2941146293> (common.py:246)
2024-04-17 13:58:15,599 - MainThread - sqlmesh.core.state_sync.common - INFO - Pausing snapshot SnapshotId<"db"."sqlmesh_example"."sfdc_pipeline": 3839175927> (common.py:246)
2024-04-17 13:58:15,600 - MainThread - sqlmesh.core.state_sync.common - INFO - Pausing snapshot SnapshotId<"db"."sqlmesh_example"."sfdc_opp_history": 3690335830> (common.py:246)
2024-04-17 13:58:15,638 - MainThread - sqlmesh.core.config.connection - INFO - Using existing DuckDB adapter due to overlapping data file: db.db (connection.py:250)
