2025-03-04 15:01:38,149 - MainThread - sqlmesh.core.config.connection - INFO - Creating new DuckDB adapter for data files: {'db.db'} (connection.py:316)
2025-03-04 15:01:38,523 - MainThread - sqlmesh.core.config.connection - INFO - Using existing DuckDB adapter due to overlapping data file: db.db (connection.py:306)
2025-03-04 15:01:44,806 - MainThread - sqlmesh.core.snapshot.evaluator - INFO - Listing data objects in schema db.sqlmesh__sqlmesh_example (evaluator.py:322)
2025-03-04 15:01:44,807 - MainThread - sqlmesh.core.engine_adapter.base - INFO - Executing SQL: SELECT CURRENT_CATALOG() (base.py:2113)
2025-03-04 15:01:44,808 - MainThread - sqlmesh.core.engine_adapter.base - INFO - Executing SQL: SELECT CURRENT_CATALOG() (base.py:2113)
2025-03-04 15:01:44,809 - MainThread - sqlmesh.core.engine_adapter.base - INFO - Executing SQL: SELECT table_name AS name, table_schema AS schema, CASE table_type WHEN 'BASE TABLE' THEN 'table' WHEN 'VIEW' THEN 'view' WHEN 'LOCAL TEMPORARY' THEN 'table' END AS type FROM system.information_schema.tables WHERE (table_catalog = 'db' AND table_schema = 'sqlmesh__sqlmesh_example') AND table_name IN ('sqlmesh_example__incremental_model__3165396090', 'sqlmesh_example__sfdc_pipeline__3294888737', 'sqlmesh_example__new_full_model__3421731154', 'sqlmesh_example__sfdc_opp_model__1106821760', 'sqlmesh_example__seed_model__1248844913', 'sqlmesh_example__full_model__2820438291', 'sqlmesh_example__incremental_test__1342987875', 'sqlmesh_example__sfdc_opp_history__796608424') (base.py:2113)
2025-03-04 15:01:44,843 - MainThread - sqlmesh.core.snapshot.evaluator - INFO - Creating schema 'db.sqlmesh__sqlmesh_example' (evaluator.py:1060)
2025-03-04 15:01:44,843 - MainThread - sqlmesh.core.engine_adapter.base - INFO - Executing SQL: CREATE SCHEMA IF NOT EXISTS "db"."sqlmesh__sqlmesh_example" (base.py:2113)
2025-03-04 15:01:44,848 - MainThread - sqlmesh.core.snapshot.evaluator - INFO - Creating table 'db.sqlmesh__sqlmesh_example.sqlmesh_example__full_model__2820438291' (evaluator.py:1402)
2025-03-04 15:01:44,848 - MainThread - sqlmesh.core.engine_adapter.base - INFO - Executing SQL: CREATE TABLE IF NOT EXISTS "db"."sqlmesh__sqlmesh_example"."sqlmesh_example__full_model__2820438291" ("item_id" INT, "num_orders" INT) (base.py:2113)
2025-03-04 15:01:44,849 - MainThread - sqlmesh.core.snapshot.evaluator - INFO - Dry running model 'sqlmesh_example.full_model' (evaluator.py:1424)
2025-03-04 15:01:44,849 - MainThread - sqlmesh.core.engine_adapter.base - INFO - Executing SQL: SELECT "incremental_model"."item_id" AS "item_id", MAX(DISTINCT "incremental_model"."id") AS "num_orders" FROM "db"."sqlmesh__sqlmesh_example"."sqlmesh_example__incremental_model__3165396090" AS "incremental_model" WHERE FALSE GROUP BY "incremental_model"."item_id" LIMIT 0 (base.py:2113)
2025-03-04 15:01:44,869 - MainThread - sqlmesh.core.snapshot.evaluator - INFO - Evaluating snapshot SnapshotId<"db"."sqlmesh_example"."full_model": 3680421058> (evaluator.py:594)
2025-03-04 15:01:44,871 - MainThread - sqlmesh.core.snapshot.evaluator - INFO - Inserting batch (2020-01-01 00:00:00, 2024-12-20 00:00:00) into db.sqlmesh__sqlmesh_example.sqlmesh_example__full_model__2820438291' (evaluator.py:648)
2025-03-04 15:01:44,872 - MainThread - sqlmesh.core.engine_adapter.base - INFO - Executing SQL: CREATE OR REPLACE TABLE "db"."sqlmesh__sqlmesh_example"."sqlmesh_example__full_model__2820438291" AS SELECT CAST("item_id" AS INT) AS "item_id", CAST("num_orders" AS INT) AS "num_orders" FROM (SELECT "incremental_model"."item_id" AS "item_id", MAX(DISTINCT "incremental_model"."id") AS "num_orders" FROM "db"."sqlmesh__sqlmesh_example"."sqlmesh_example__incremental_model__3165396090" AS "incremental_model" GROUP BY "incremental_model"."item_id") AS "_subquery" (base.py:2113)
2025-03-04 15:01:44,898 - MainThread - sqlmesh.core.snapshot.evaluator - INFO - Auditing snapshot SnapshotId<"db"."sqlmesh_example"."full_model": 3680421058> (evaluator.py:500)
2025-03-04 15:01:44,898 - MainThread - sqlmesh.core.engine_adapter.base - INFO - Executing SQL: DESCRIBE "db"."sqlmesh__sqlmesh_example"."sqlmesh_example__full_model__2820438291" (base.py:2113)
2025-03-04 15:01:44,900 - MainThread - sqlmesh.core.engine_adapter.base - INFO - Executing SQL: SELECT COUNT(*) FROM (SELECT * FROM (SELECT * FROM "db"."sqlmesh__sqlmesh_example"."sqlmesh_example__full_model__2820438291" AS "sqlmesh_example__full_model__2820438291") AS "_q_0" WHERE "item_id" < 0) AS "audit" (base.py:2113)
2025-03-04 15:01:44,901 - MainThread - sqlmesh.core.state_sync.db.interval - INFO - Adding interval (2020-01-01 00:00:00, 2024-12-20 00:00:00) for snapshot SnapshotId<"db"."sqlmesh_example"."full_model": 3680421058> (interval.py:71)
2025-03-04 15:01:44,901 - MainThread - sqlmesh.core.state_sync.db.interval - INFO - Pushing intervals for snapshot SnapshotId<"db"."sqlmesh_example"."full_model": 3680421058> (interval.py:255)
2025-03-04 15:01:44,908 - MainThread - sqlmesh.core.state_sync.db.facade - INFO - Promoting environment 'prod' (facade.py:164)
2025-03-04 15:01:44,922 - MainThread - sqlmesh.core.state_sync.db.snapshot - INFO - Unpausing snapshot SnapshotId<"db"."sqlmesh_example"."full_model": 3680421058> (snapshot.py:143)
2025-03-04 15:01:44,924 - MainThread - sqlmesh.core.snapshot.evaluator - INFO - Creating schema 'db.sqlmesh_example' (evaluator.py:1060)
2025-03-04 15:01:44,924 - MainThread - sqlmesh.core.engine_adapter.base - INFO - Executing SQL: CREATE SCHEMA IF NOT EXISTS "db"."sqlmesh_example" (base.py:2113)
2025-03-04 15:01:44,925 - MainThread - sqlmesh.core.snapshot.evaluator - INFO - Updating view 'db.sqlmesh_example.full_model' to point at table 'db.sqlmesh__sqlmesh_example.sqlmesh_example__full_model__2820438291' (evaluator.py:1367)
2025-03-04 15:01:44,925 - MainThread - sqlmesh.core.engine_adapter.base - INFO - Executing SQL: CREATE OR REPLACE VIEW "db"."sqlmesh_example"."full_model" AS SELECT * FROM "db"."sqlmesh__sqlmesh_example"."sqlmesh_example__full_model__2820438291" (base.py:2113)
2025-03-04 15:01:44,926 - MainThread - sqlmesh.core.state_sync.db.environment - INFO - Finalizing environment 'prod' (environment.py:98)
2025-03-04 15:01:44,962 - MainThread - root - INFO - Shutting down the event dispatcher (dispatcher.py:159)
